0x55 0x55 0x55 0x55 0x55 0x55 0x55 0x55 0x55 0x55 0x55 0x55 0x55 0x55 0x55 0x55 
0x55 0x55 0x55 0x55 0x55 0x55 0x55 0x55 0x55 0x7e 0x1 0x41 0x76 0xdb 0x55 0x55 
0x55 0x55 0x55 0x55 0x55 0x55 0x55 0x55 0x55 0x55 0x55 0x55 0x55 0x55 0x55 0x55 
0x55 0x55 0x55 0x55 0x55 0x55 0x55 0x7e 0x1 0x42 0x46 0xb8 0x55 0x55 0x55 0x55 
0x55 0x55 0x55 0x55 0x55 0x55 0x55 0x55 0x55 0x55 0x55 0x55 0x55 0x55 0x55 0x55 
0x55 0x55 0x55 0x55 0x55 0x7e 0x1 0x43 0x56 0x99 0x55 0x55 0x55 0x55 0x55 0x55 
0x55 0x55 0x55 0x55 0x55 0x55 0x55 0x55 0x55 0x55 0x55 0x55 0x55 0x55 0x55 0x55 
0x55 0x55 0x55 0x7e 0x1 0x44 0x26 0x7e 0x55 0x55 0x55 0x55 0x55 0x55 0x55 0x55 
0x55 0x55 0x55 0x55 0x55 0x55 0x55 0x55 0x55 0x55 0x55 0x55 0x55 0x55 0x55 0x55 
0x55 0x7e 0x1 0x45 0x36 0x5f 0x55 0x55 0x55 0x55 0x55 0x55 0x55 0x55 0x55 0x55 
0x55 0x55 0x55 0x55 0x55 0x55 0x55 0x55 0x55 0x55 0x55 0x55 0x55 0x55 0x55 0x7e 
0x1 0x46 0x6 0x3c 0x55 0x55 0x55 0x55 0x55 0x55 0x55 0x55 0x55 0x55 0x55 0x55 
0x55 0x55 0x55 0x55 0x55 0x55 0x55 0x55 0x55 0x55 0x55 0x55 0x55 0x7e 0x1 0x47 
0x16 0x1d 0x55 0x55 0x55 0x55 0x55 0x55 0x55 0x55 0x55 0x55 0x55 0x55 0x55 0x55 
0x55 0x55 0x55 0x55 0x55 0x55 0x55 0x55 0x55 0x55 0x55 0x7e 0x1 0x48 0xe7 0xf2 
0x55 0x55 0x55 0x55 0x55 0x55 0x55 0x55 0x55 0x55 0x55 0x55 0x55 0x55 0x55 0x55 
0x55 0x55 0x55 0x55 0x55 0x55 0x55 0x55 0x55 0x7e 0x1 0x49 0xf7 0xd3 0x55 0x55 
0x55 0x55 0x55 0x55 0x55 0x55 0x55 0x55 0x55 0x55 0x55 0x55 0x55 0x55 0x55 0x55 
0x55 0x55 0x55 0x55 0x55 0x55 0x55 0x7e 0x1 0x4a 0xc7 0xb0 0x55 0x55 0x55 0x55 
0x55 0x55 0x55 0x55 0x55 0x55 0x55 0x55 0x55 0x55 0x55 0x55 0x55 0x55 0x55 0x55 
0x55 0x55 0x55 0x55 0x55 0x7e 0x1 0x4b 0xd7 0x91 0x55 0x55 0x55 0x55 0x55 0x55 
0x55 0x55 0x55 0x55 0x55 0x55 0x55 0x55 0x55 0x55 0x55 0x55 0x55 0x55 0x55 0x55 
0x55 0x55 0x55 0x7e 0x1 0x4c 0xa7 0x76 0x55 0x55 0x55 0x55 0x55 0x55 0x55 0x55 
0x55 0x55 0x55 0x55 0x55 0x55 0x55 0x55 0x55 0x55 0x55 0x55 0x55 0x55 0x55 0x55 
0x55 0x7e 0x1 0x4d 0xb7 0x57 0x55 0x55 0x55 0x55 0x55 0x55 0x55 0x55 0x55 0x55 
0x55 0x55 0x55 0x55 0x55 0x55 0x55 0x55 0x55 0x55 0x55 0x55 0x55 0x55 0x55 0x7e 
0x1 0x4e 0x87 0x34 0x55 0x55 0x55 0x55 0x55 0x55 0x55 0x55 0x55 0x55 0x55 0x55 
0x55 0x55 0x55 0x55 0x55 0x55 0x55 0x55 0x55 0x55 0x55 0x55 0x55 0x7e 0x1 0x4f 
0x97 0x15 0x55 0x55 0x55 0x55 0x55 0x55 0x55 0x55 0x55 0x55 0x55 0x55 0x55 0x55 
0x55 0x55 0x55 0x55 0x55 0x55 0x55 0x55 0x55 0x55 0x55 0x7e 0x1 0x50 0x74 0xcb 
0x55 0x55 0x55 0x55 0x55 0x55 0x55 0x55 0x55 0x55 0x55 0x55 0x55 0x55 0x55 0x55 
0x55 0x55 0x55 0x55 0x55 0x55 0x55 0x55 0x55 0x7e 0x1 0x51 0x64 0xea 0x55 0x55 
0x55 0x55 0x55 0x55 0x55 0x55 0x55 0x55 0x55 0x55 0x55 0x55 0x55 0x55 0x55 0x55 
0x55 0x55 0x55 0x55 0x55 0x55 0x55 0x7e 0x1 0x52 0x54 0x89 0x55 0x55 0x55 0x55 
0x55 0x55 0x55 0x55 0x55 0x55 0x55 0x55 0x55 0x55 0x55 0x55 0x55 0x55 0x55 0x55 
0x55 0x55 0x55 0x55 0x55 0x7e 0x1 0x53 0x44 0xa8 0x55 0x55 0x55 0x55 0x55 0x55 
0x55 0x55 0x55 0x55 0x55 0x55 0x55 0x55 0x55 0x55 0x55 0x55 0x55 0x55 0x55 0x55 
0x55 0x55 0x55 0x7e 0x1 0x54 0x34 0x4f 0x55 0x55 0x55 0x55 0x55 0x55 0x55 0x55 
0x55 0x55 0x55 0x55 0x55 0x55 0x55 0x55 0x55 0x55 0x55 0x55 0x55 0x55 0x55 0x55 
0x55 0x7e 0x1 0x55 0x24 0x6e 0x55 0x55 0x55 0x55 0x55 0x55 0x55 0x55 0x55 0x55 
0x55 0x55 0x55 0x55 0x55 0x55 0x55 0x55 0x55 0x55 0x55 0x55 0x55 0x55 0x55 0x7e 
0x1 0x56 0x14 0xd 0x55 0x55 0x55 0x55 0x55 0x55 0x55 0x55 0x55 0x55 0x55 0x55 
0x55 0x55 0x55 0x55 0x55 0x55 0x55 0x55 0x55 0x55 0x55 0x55 0x55 0x7e 0x1 0x57 
0x4 0x2c 0x55 0x55 0x55 0x55 0x55 0x55 0x55 0x55 0x55 0x55 0x55 0x55 0x55 0x55 
0x55 0x55 0x55 0x55 0x55 0x55 0x55 0x55 0x55 0x55 0x55 0x7e 0x1 0x58 0xf5 0xc3 
0x55 0x55 0x55 0x55 0x55 0x55 0x55 0x55 0x55 0x55 0x55 0x55 0x55 0x55 0x55 0x55 
0x55 0x55 0x55 0x55 0x55 0x55 0x55 0x55 0x55 0x7e 0x1 0x59 0xe5 0xe2 0x55 0x55 
0x55 0x55 0x55 0x55 0x55 0x55 0x55 0x55 0x55 0x55 0x55 0x55 0x55 0x55 0x55 0x55 
0x55 0x55 0x55 0x55 0x55 0x55 0x55 0x7e 0x1 0x5a 0xd5 0x81 0x55 0x55 0x55 0x55 
0x55 0x55 0x55 0x55 0x55 0x55 0x55 0x55 0x55 0x55 0x55 0x55 0x55 0x55 0x55 0x55 
0x55 0x55 0x55 0x55 0x55 0x7e 0x1 0x30 0x18 0x6d 0x55 0x55 0x55 0x55 0x55 0x55 
0x55 0x55 0x55 0x55 0x55 0x55 0x55 0x55 0x55 0x55 0x55 0x55 0x55 0x55 0x55 0x55 
0x55 0x55 0x55 0x7e 0x1 0x30 0x18 0x6d 0x55 0x55 0x55 0x55 0x55 0x55 0x55 0x55 
0x55 0x55 0x55 0x55 0x55 0x55 0x55 0x55 0x55 0x55 0x55 0x55 0x55 0x55 0x55 0x55 
0x55 0x7e 0x1 0x30 0x18 0x6d 