@ 23/08/2021 01:18:02 Read Data Block
	Block Type: 1 Block number: 2 
@ 23/08/2021 01:18:11 Set Memory Section End Address
	Block Type: 3 Flash Memory Address (end): 2 
@ 23/08/2021 01:21:34 Read Data Block
	Block Type: gg Block number: hh 
@ 23/08/2021 02:03:48 Read Data Block
	Block Type: 10 Block number: 1 
@ 24/08/2021 20:20:34 Read Data Block
	Block Type: 5 Block number: 8 
@ 24/08/2021 20:23:41 Get Memory Selection Adresses
@ 24/08/2021 20:23:52 Get Current Block Numbers
@ 24/08/2021 20:24:03 Read Recent Local Data Block
    Block Type: 6 
@ 24/08/2021 20:25:14 Read Data Block
	Block Type: 5 Block number: 4 
@ 25/08/2021 01:04:18 Read Data Block - 10
	Block Type: 5 Block number: 5 
@ 25/08/2021 01:06:07 Read Data Block - [1mOpcode: [0m0x10
	Block Type: 5 Block number: 4 
@ 02/09/2021 03:17:12 Read Data Block[92m - Opcode: 0x10
	Block Type: 5 Block number: 5 
@ 02/09/2021 03:18:09 Read Data Block - Opcode:0x10
	Block Type: 5 Block number: 5 
@ 02/09/2021 03:18:35 Read Data Block - [92m100x10
	Block Type: 5 Block number: 5 
@ 02/09/2021 03:29:58 Read Raw Memory Bytes - Opcode: 0x15
	Flash Memory Address (start): 4 Number of bytes: 5 
